<?xml version="1.0" encoding="UTF-8"?>
<testsuite name="br.com.jcls.bookservice.BookServiceApplicationTests" tests="1" skipped="0" failures="0" errors="0" timestamp="2022-08-13T18:00:26" hostname="MacBook-Pro-de-Juliano.local" time="0.174">
  <properties/>
  <testcase name="contextLoads()" classname="br.com.jcls.bookservice.BookServiceApplicationTests" time="0.174"/>
  <system-out><![CDATA[15:00:19.350 [Test worker] DEBUG org.springframework.test.context.BootstrapUtils - Instantiating CacheAwareContextLoaderDelegate from class [org.springframework.test.context.cache.DefaultCacheAwareContextLoaderDelegate]
15:00:19.362 [Test worker] DEBUG org.springframework.test.context.BootstrapUtils - Instantiating BootstrapContext using constructor [public org.springframework.test.context.support.DefaultBootstrapContext(java.lang.Class,org.springframework.test.context.CacheAwareContextLoaderDelegate)]
15:00:19.401 [Test worker] DEBUG org.springframework.test.context.BootstrapUtils - Instantiating TestContextBootstrapper for test class [br.com.jcls.bookservice.BookServiceApplicationTests] from class [org.springframework.boot.test.context.SpringBootTestContextBootstrapper]
15:00:19.413 [Test worker] INFO org.springframework.boot.test.context.SpringBootTestContextBootstrapper - Neither @ContextConfiguration nor @ContextHierarchy found for test class [br.com.jcls.bookservice.BookServiceApplicationTests], using SpringBootContextLoader
15:00:19.418 [Test worker] DEBUG org.springframework.test.context.support.AbstractContextLoader - Did not detect default resource location for test class [br.com.jcls.bookservice.BookServiceApplicationTests]: class path resource [br/com/jcls/bookservice/BookServiceApplicationTests-context.xml] does not exist
15:00:19.418 [Test worker] DEBUG org.springframework.test.context.support.AbstractContextLoader - Did not detect default resource location for test class [br.com.jcls.bookservice.BookServiceApplicationTests]: class path resource [br/com/jcls/bookservice/BookServiceApplicationTestsContext.groovy] does not exist
15:00:19.418 [Test worker] INFO org.springframework.test.context.support.AbstractContextLoader - Could not detect default resource locations for test class [br.com.jcls.bookservice.BookServiceApplicationTests]: no resource found for suffixes {-context.xml, Context.groovy}.
15:00:19.419 [Test worker] INFO org.springframework.test.context.support.AnnotationConfigContextLoaderUtils - Could not detect default configuration classes for test class [br.com.jcls.bookservice.BookServiceApplicationTests]: BookServiceApplicationTests does not declare any static, non-private, non-final, nested classes annotated with @Configuration.
15:00:19.464 [Test worker] DEBUG org.springframework.test.context.support.ActiveProfilesUtils - Could not find an 'annotation declaring class' for annotation type [org.springframework.test.context.ActiveProfiles] and class [br.com.jcls.bookservice.BookServiceApplicationTests]
15:00:19.531 [Test worker] DEBUG org.springframework.context.annotation.ClassPathScanningCandidateComponentProvider - Identified candidate component class: file [/Users/julianosantos/development/workspace-cursos/greeting/book-service/build/classes/java/main/br/com/jcls/bookservice/BookServiceApplication.class]
15:00:19.533 [Test worker] INFO org.springframework.boot.test.context.SpringBootTestContextBootstrapper - Found @SpringBootConfiguration br.com.jcls.bookservice.BookServiceApplication for test class br.com.jcls.bookservice.BookServiceApplicationTests
15:00:19.630 [Test worker] DEBUG org.springframework.boot.test.context.SpringBootTestContextBootstrapper - @TestExecutionListeners is not present for class [br.com.jcls.bookservice.BookServiceApplicationTests]: using defaults.
15:00:19.631 [Test worker] INFO org.springframework.boot.test.context.SpringBootTestContextBootstrapper - Loaded default TestExecutionListener class names from location [META-INF/spring.factories]: [org.springframework.boot.test.autoconfigure.restdocs.RestDocsTestExecutionListener, org.springframework.boot.test.autoconfigure.web.client.MockRestServiceServerResetTestExecutionListener, org.springframework.boot.test.autoconfigure.web.servlet.MockMvcPrintOnlyOnFailureTestExecutionListener, org.springframework.boot.test.autoconfigure.web.servlet.WebDriverTestExecutionListener, org.springframework.boot.test.autoconfigure.webservices.client.MockWebServiceServerTestExecutionListener, org.springframework.boot.test.mock.mockito.MockitoTestExecutionListener, org.springframework.boot.test.mock.mockito.ResetMocksTestExecutionListener, org.springframework.test.context.web.ServletTestExecutionListener, org.springframework.test.context.support.DirtiesContextBeforeModesTestExecutionListener, org.springframework.test.context.event.ApplicationEventsTestExecutionListener, org.springframework.test.context.support.DependencyInjectionTestExecutionListener, org.springframework.test.context.support.DirtiesContextTestExecutionListener, org.springframework.test.context.transaction.TransactionalTestExecutionListener, org.springframework.test.context.jdbc.SqlScriptsTestExecutionListener, org.springframework.test.context.event.EventPublishingTestExecutionListener]
15:00:19.651 [Test worker] INFO org.springframework.boot.test.context.SpringBootTestContextBootstrapper - Using TestExecutionListeners: [org.springframework.test.context.web.ServletTestExecutionListener@11eadcba, org.springframework.test.context.support.DirtiesContextBeforeModesTestExecutionListener@4721d212, org.springframework.test.context.event.ApplicationEventsTestExecutionListener@1b065145, org.springframework.boot.test.mock.mockito.MockitoTestExecutionListener@45cff11c, org.springframework.boot.test.autoconfigure.SpringBootDependencyInjectionTestExecutionListener@207ea13, org.springframework.test.context.support.DirtiesContextTestExecutionListener@4bff1903, org.springframework.test.context.transaction.TransactionalTestExecutionListener@62dae540, org.springframework.test.context.jdbc.SqlScriptsTestExecutionListener@5827af16, org.springframework.test.context.event.EventPublishingTestExecutionListener@654d8173, org.springframework.boot.test.autoconfigure.restdocs.RestDocsTestExecutionListener@56c9bbd8, org.springframework.boot.test.autoconfigure.web.client.MockRestServiceServerResetTestExecutionListener@630cb4a4, org.springframework.boot.test.autoconfigure.web.servlet.MockMvcPrintOnlyOnFailureTestExecutionListener@636e8cc, org.springframework.boot.test.autoconfigure.web.servlet.WebDriverTestExecutionListener@f79a760, org.springframework.boot.test.autoconfigure.webservices.client.MockWebServiceServerTestExecutionListener@14f5da2c, org.springframework.boot.test.mock.mockito.ResetMocksTestExecutionListener@12dae582]
15:00:19.655 [Test worker] DEBUG org.springframework.test.context.support.AbstractDirtiesContextTestExecutionListener - Before test class: context [DefaultTestContext@78a287ed testClass = BookServiceApplicationTests, testInstance = [null], testMethod = [null], testException = [null], mergedContextConfiguration = [WebMergedContextConfiguration@546ccad7 testClass = BookServiceApplicationTests, locations = '{}', classes = '{class br.com.jcls.bookservice.BookServiceApplication}', contextInitializerClasses = '[]', activeProfiles = '{}', propertySourceLocations = '{}', propertySourceProperties = '{org.springframework.boot.test.context.SpringBootTestContextBootstrapper=true}', contextCustomizers = set[org.springframework.boot.test.autoconfigure.actuate.metrics.MetricsExportContextCustomizerFactory$DisableMetricExportContextCustomizer@1339e7aa, org.springframework.boot.test.autoconfigure.properties.PropertyMappingContextCustomizer@0, org.springframework.boot.test.autoconfigure.web.servlet.WebDriverContextCustomizerFactory$Customizer@7a67e3c6, org.springframework.boot.test.context.filter.ExcludeFilterContextCustomizer@600b90df, org.springframework.boot.test.json.DuplicateJsonObjectContextCustomizerFactory$DuplicateJsonObjectContextCustomizer@78d6692f, org.springframework.boot.test.mock.mockito.MockitoContextCustomizer@0, org.springframework.boot.test.web.client.TestRestTemplateContextCustomizer@21337f7b, org.springframework.boot.test.context.SpringBootTestArgs@1, org.springframework.boot.test.context.SpringBootTestWebEnvironment@3c0be339], resourceBasePath = 'src/main/webapp', contextLoader = 'org.springframework.boot.test.context.SpringBootContextLoader', parent = [null]], attributes = map['org.springframework.test.context.web.ServletTestExecutionListener.activateListener' -> true]], class annotated with @DirtiesContext [false] with mode [null].

  .   ____          _            __ _ _
 /\\ / ___'_ __ _ _(_)_ __  __ _ \ \ \ \
( ( )\___ | '_ | '_| | '_ \/ _` | \ \ \ \
 \\/  ___)| |_)| | | | | || (_| |  ) ) ) )
  '  |____| .__|_| |_|_| |_\__, | / / / /
 =========|_|==============|___/=/_/_/_/
 :: Spring Boot ::                (v2.7.2)

2022-08-13 15:00:20.195  WARN 2761 --- [    Test worker] ory$DuplicateJsonObjectContextCustomizer : 

Found multiple occurrences of org.json.JSONObject on the class path:

	jar:file:/Users/julianosantos/.gradle/caches/modules-2/files-2.1/org.json/json/20211205/47032dcf2f69880f07dab3dc60b4b0ad97318308/json-20211205.jar!/org/json/JSONObject.class
	jar:file:/Users/julianosantos/.gradle/caches/modules-2/files-2.1/com.vaadin.external.google/android-json/0.0.20131108.vaadin1/fa26d351fe62a6a17f5cda1287c1c6110dec413f/android-json-0.0.20131108.vaadin1.jar!/org/json/JSONObject.class

You may wish to exclude one of them to ensure predictable runtime behavior

2022-08-13 15:00:20.216  INFO 2761 --- [    Test worker] b.c.j.b.BookServiceApplicationTests      : Starting BookServiceApplicationTests using Java 18.0.1 on MacBook-Pro-de-Juliano.local with PID 2761 (started by julianosantos in /Users/julianosantos/development/workspace-cursos/greeting/book-service)
2022-08-13 15:00:20.217  INFO 2761 --- [    Test worker] b.c.j.b.BookServiceApplicationTests      : No active profile set, falling back to 1 default profile: "default"
2022-08-13 15:00:21.278  INFO 2761 --- [    Test worker] .s.d.r.c.RepositoryConfigurationDelegate : Multiple Spring Data modules found, entering strict repository configuration mode
2022-08-13 15:00:21.280  INFO 2761 --- [    Test worker] .s.d.r.c.RepositoryConfigurationDelegate : Bootstrapping Spring Data JPA repositories in DEFAULT mode.
2022-08-13 15:00:21.445  INFO 2761 --- [    Test worker] .s.d.r.c.RepositoryConfigurationDelegate : Finished Spring Data repository scanning in 157 ms. Found 1 JPA repository interfaces.
2022-08-13 15:00:21.460  INFO 2761 --- [    Test worker] .s.d.r.c.RepositoryConfigurationDelegate : Multiple Spring Data modules found, entering strict repository configuration mode
2022-08-13 15:00:21.461  INFO 2761 --- [    Test worker] .s.d.r.c.RepositoryConfigurationDelegate : Bootstrapping Spring Data Redis repositories in DEFAULT mode.
2022-08-13 15:00:21.477  INFO 2761 --- [    Test worker] .RepositoryConfigurationExtensionSupport : Spring Data Redis - Could not safely identify store assignment for repository candidate interface br.com.jcls.bookservice.repository.BookRepository; If you want this repository to be a Redis repository, consider annotating your entities with one of these annotations: org.springframework.data.redis.core.RedisHash (preferred), or consider extending one of the following types with your repository: org.springframework.data.keyvalue.repository.KeyValueRepository
2022-08-13 15:00:21.478  INFO 2761 --- [    Test worker] .s.d.r.c.RepositoryConfigurationDelegate : Finished Spring Data repository scanning in 7 ms. Found 0 Redis repository interfaces.
2022-08-13 15:00:21.673  INFO 2761 --- [    Test worker] o.s.cloud.context.scope.GenericScope     : BeanFactory id=f7bcb8a3-e1ee-3add-a7e5-04989fda4f9b
2022-08-13 15:00:22.074  INFO 2761 --- [    Test worker] o.f.c.internal.license.VersionPrinter    : Flyway Community Edition 8.5.13 by Redgate
2022-08-13 15:00:22.074  INFO 2761 --- [    Test worker] o.f.c.internal.license.VersionPrinter    : See what's new here: https://flywaydb.org/documentation/learnmore/releaseNotes#8.5.13
2022-08-13 15:00:22.074  INFO 2761 --- [    Test worker] o.f.c.internal.license.VersionPrinter    : 
2022-08-13 15:00:22.082  INFO 2761 --- [    Test worker] com.zaxxer.hikari.HikariDataSource       : HikariPool-1 - Starting...
2022-08-13 15:00:22.598  INFO 2761 --- [    Test worker] com.zaxxer.hikari.HikariDataSource       : HikariPool-1 - Start completed.
2022-08-13 15:00:22.629  INFO 2761 --- [    Test worker] o.f.c.i.database.base.BaseDatabaseType   : Database: jdbc:mysql://localhost:3306/book_service (MySQL 8.0)
2022-08-13 15:00:22.718  INFO 2761 --- [    Test worker] o.f.core.internal.command.DbValidate     : Successfully validated 2 migrations (execution time 00:00.044s)
2022-08-13 15:00:22.746  INFO 2761 --- [    Test worker] o.f.core.internal.command.DbMigrate      : Current version of schema `book_service`: 2
2022-08-13 15:00:22.749  INFO 2761 --- [    Test worker] o.f.core.internal.command.DbMigrate      : Schema `book_service` is up to date. No migration necessary.
2022-08-13 15:00:22.937  INFO 2761 --- [    Test worker] o.hibernate.jpa.internal.util.LogHelper  : HHH000204: Processing PersistenceUnitInfo [name: default]
2022-08-13 15:00:23.000  INFO 2761 --- [    Test worker] org.hibernate.Version                    : HHH000412: Hibernate ORM core version 5.6.10.Final
2022-08-13 15:00:23.224  INFO 2761 --- [    Test worker] o.hibernate.annotations.common.Version   : HCANN000001: Hibernate Commons Annotations {5.1.2.Final}
2022-08-13 15:00:23.359  INFO 2761 --- [    Test worker] org.hibernate.dialect.Dialect            : HHH000400: Using dialect: org.hibernate.dialect.MySQL8Dialect
2022-08-13 15:00:23.872  INFO 2761 --- [    Test worker] o.h.e.t.j.p.i.JtaPlatformInitiator       : HHH000490: Using JtaPlatform implementation: [org.hibernate.engine.transaction.jta.platform.internal.NoJtaPlatform]
2022-08-13 15:00:23.882  INFO 2761 --- [    Test worker] j.LocalContainerEntityManagerFactoryBean : Initialized JPA EntityManagerFactory for persistence unit 'default'
2022-08-13 15:00:24.268  WARN 2761 --- [    Test worker] JpaBaseConfiguration$JpaWebConfiguration : spring.jpa.open-in-view is enabled by default. Therefore, database queries may be performed during view rendering. Explicitly configure spring.jpa.open-in-view to disable this warning
2022-08-13 15:00:25.900  INFO 2761 --- [    Test worker] o.s.b.a.e.web.EndpointLinksResolver      : Exposing 1 endpoint(s) beneath base path '/actuator'
2022-08-13 15:00:25.950  INFO 2761 --- [    Test worker] b.c.j.b.BookServiceApplicationTests      : Started BookServiceApplicationTests in 6.234 seconds (JVM running for 7.432)
]]></system-out>
  <system-err><![CDATA[]]></system-err>
</testsuite>
